#-----------------------------------------------------------
# updatemem v2022.2 (64-bit)
# SW Build 3671981 on Fri Oct 14 05:00:03 MDT 2022
# IP Build 3669848 on Fri Oct 14 08:30:02 MDT 2022
# Start of session at: Fri May 12 11:34:05 2023
# Process ID: 9812
# Current directory: H:/My Drive/Classes/ee_277a_emb_soc/Labs/lab_9/Two-Player-Snake-Game/Vivado/VivadoProject
# Command line: updatemem.exe -mode batch -source C:/Xilinx/Vivado/2022.2/scripts/updatemem/main.tcl -notrace -tclargs -meminfo bram.mmi -data code.mem -proc my_bram -bit H:/My Drive/Classes/ee_277a_emb_soc/Labs/lab_9/Two-Player-Snake-Game/Vivado/VivadoProject/VivadoProject.runs/impl_1/AHBLITE_SYS.bit -out reflash.bit -force -debug
# Log file: H:/My Drive/Classes/ee_277a_emb_soc/Labs/lab_9/Two-Player-Snake-Game/Vivado/VivadoProject/updatemem.log
# Journal file: H:/My Drive/Classes/ee_277a_emb_soc/Labs/lab_9/Two-Player-Snake-Game/Vivado/VivadoProject\updatemem.jou
# Running On: anonymous-pc, OS: Windows, CPU Frequency: 3294 MHz, CPU Physical cores: 16, Host memory: 16354 MB
#-----------------------------------------------------------
source C:/Xilinx/Vivado/2022.2/scripts/updatemem/main.tcl -notrace
Command: update_mem -meminfo bram.mmi -data code.mem -proc my_bram -bit {H:/My Drive/Classes/ee_277a_emb_soc/Labs/lab_9/Two-Player-Snake-Game/Vivado/VivadoProject/VivadoProject.runs/impl_1/AHBLITE_SYS.bit} -out reflash.bit -force -debug
Loading bitfile H:/My Drive/Classes/ee_277a_emb_soc/Labs/lab_9/Two-Player-Snake-Game/Vivado/VivadoProject/VivadoProject.runs/impl_1/AHBLITE_SYS.bit
Loading data files...
Updating memory content...
Creating bitstream...
Writing bitstream reflash.bit...
0 Infos, 0 Warnings, 0 Critical Warnings and 0 Errors encountered.
update_mem completed successfully
update_mem: Time (s): cpu = 00:00:06 ; elapsed = 00:00:15 . Memory (MB): peak = 584.004 ; gain = 474.754
INFO: [Common 17-206] Exiting updatemem at Fri May 12 11:34:21 2023...
