#-----------------------------------------------------------
# Vivado v2022.2 (64-bit)
# SW Build 3671981 on Fri Oct 14 05:00:03 MDT 2022
# IP Build 3669848 on Fri Oct 14 08:30:02 MDT 2022
# Start of session at: Sat May 13 19:58:00 2023
# Process ID: 19520
# Current directory: D:/EE277A/277A_codes/277A/tictactoe/Project/Project
# Command line: vivado.exe -gui_launcher_event rodinguilauncherevent2360 D:\EE277A\277A_codes\277A\tictactoe\Project\Project\Project.xpr
# Log file: D:/EE277A/277A_codes/277A/tictactoe/Project/Project/vivado.log
# Journal file: D:/EE277A/277A_codes/277A/tictactoe/Project/Project\vivado.jou
# Running On: DESKTOP-NEDDG6M, OS: Windows, CPU Frequency: 1800 MHz, CPU Physical cores: 4, Host memory: 8458 MB
#-----------------------------------------------------------
start_gui
open_project D:/EE277A/277A_codes/277A/tictactoe/Project/Project/Project.xpr
WARNING: [Board 49-26] cannot add Board Part xilinx.com:vek280_es:part0:1.0 available at D:/Xilinx/Vivado/2022.2/data/xhub/boards/XilinxBoardStore/boards/Xilinx/vek280/es/1.0/board.xml as part xcve2802-vsvh1760-2lp-e-s-es1 specified in board_part file is either invalid or not available
INFO: [Project 1-313] Project file moved from 'D:/EE277A/277A_codes/277A/Final Project/Project/Project' since last save.
WARNING: [Board 49-26] cannot add Board Part xilinx.com:vhk158_es:part0:1.0 available at D:/Xilinx/Vivado/2022.2/data/xhub/boards/XilinxBoardStore/boards/Xilinx/vhk158/es/1.0/board.xml as part xcvh1582-vsva3697-2mp-e-s-es1 specified in board_part file is either invalid or not available
WARNING: [Board 49-26] cannot add Board Part xilinx.com:vpk120_es:part0:1.2 available at D:/Xilinx/Vivado/2022.2/data/xhub/boards/XilinxBoardStore/boards/Xilinx/vpk120/es/1.2/board.xml as part xcvp1202-vsva2785-2mp-e-s-es1 specified in board_part file is either invalid or not available
WARNING: [Board 49-26] cannot add Board Part xilinx.com:vpk120_es_revb:part0:1.0 available at D:/Xilinx/Vivado/2022.2/data/xhub/boards/XilinxBoardStore/boards/Xilinx/vpk120_revb/es/1.0/board.xml as part xcvp1202-vsva2785-2mp-e-s-es1 specified in board_part file is either invalid or not available
WARNING: [Board 49-26] cannot add Board Part xilinx.com:vpk180_es:part0:1.0 available at D:/Xilinx/Vivado/2022.2/data/xhub/boards/XilinxBoardStore/boards/Xilinx/vpk180/es/1.0/board.xml as part xcvp1802-lsvc4072-2mp-e-s-es1 specified in board_part file is either invalid or not available
WARNING: [Board 49-26] cannot add Board Part xilinx.com:zcu208ld:part0:2.0 available at D:/Xilinx/Vivado/2022.2/data/xhub/boards/XilinxBoardStore/boards/Xilinx/zcu208ld/production/2.0/board.xml as part xczu58dr-fsvg1517-2-i specified in board_part file is either invalid or not available
WARNING: [Board 49-26] cannot add Board Part xilinx.com:zcu216ld:part0:2.0 available at D:/Xilinx/Vivado/2022.2/data/xhub/boards/XilinxBoardStore/boards/Xilinx/zcu216ld/production/2.0/board.xml as part xczu59dr-ffvf1760-2-i specified in board_part file is either invalid or not available
WARNING: [Board 49-26] cannot add Board Part xilinx.com:zcu670:part0:2.0 available at D:/Xilinx/Vivado/2022.2/data/xhub/boards/XilinxBoardStore/boards/Xilinx/zcu670/2.0/board.xml as part xczu67dr-fsve1156-2-i specified in board_part file is either invalid or not available
WARNING: [Board 49-26] cannot add Board Part xilinx.com:zcu670ld:part0:1.0 available at D:/Xilinx/Vivado/2022.2/data/xhub/boards/XilinxBoardStore/boards/Xilinx/zcu670ld/1.0/board.xml as part xczu57dr-fsve1156-2-i specified in board_part file is either invalid or not available
INFO: [filemgmt 56-3] Default IP Output Path : Could not find the directory 'D:/EE277A/277A_codes/277A/tictactoe/Project/Project/Project.gen/sources_1'.
Scanning sources...
Finished scanning sources
INFO: [IP_Flow 19-234] Refreshing IP repositories
INFO: [IP_Flow 19-1704] No user IP repositories specified
INFO: [IP_Flow 19-2313] Loaded Vivado IP repository 'D:/Xilinx/Vivado/2022.2/data/ip'.
open_project: Time (s): cpu = 00:00:25 ; elapsed = 00:00:17 . Memory (MB): peak = 1739.797 ; gain = 291.707
update_compile_order -fileset sources_1
open_hw_manager
pwd
D:/EE277A/277A_codes/277A/tictactoe/Project/Project
source update_bitstream.tcl
# if {[info procs generate_mem] eq ""} {
# 	source update_bitstream_header.tcl
# }
## proc generate_mmi {mmi_file} {
## 	#If the current open implemented design does not equal the latest implementation run, open the implemented design
## 	if {[current_run -implementation] != [current_design]} { open_run [current_run -implementation] }
## 	#Create a list of the BRAM locations in loc_list.
## 	set list_mem [get_property LOC [get_cells -hierarchical -filter { PRIMITIVE_TYPE =~ BMEM.bram.* && NAME =~ "uAHB2RAM*" }]]
## 	set loc_list {}
## 	foreach x $list_mem {
## 		lappend loc_list [string map {RAMB36_ {}} $x]
## 	}
## 	#Write the header to the .mmi file.
## 	set DataWidth "\t\t\t\t\t<DataWidth MSB=\"31\" LSB=\"0\"/>"
## 	set AddressRange "\t\t\t\t\t<AddressRange Begin=\"0\" End=\"4095\"/>"
## 	set Parity "\t\t\t\t\t<Parity ON=\"false\" NumBits=\"0\"/>"
## 	set CloseBitLane "\t\t\t\t</BitLane>"
## 	set PreBitLane "\t\t\t\t<BitLane MemType=\"RAMB36\" Placement=\""
## 	set PostBitLane "\">"
## 	set fd [open "mmi.tmp" w]
## 	puts $fd "<?xml version=\"1.0\" encoding=\"UTF-8\"?>"
## 	puts $fd "<MemInfo Version=\"1\" Minor=\"6\">"
## 	puts $fd "\t<Processor Endianness=\"Little\" InstPath=\"my_bram\">"
## 	puts $fd "\t\t<AddressSpace Name=\"memory\" Begin=\"0\" End=\"16384\">"
## 	puts $fd "\t\t\t<BusBlock>"
## 	set bString ""
## 	#Create a new BitLane object in the .mmi for each BRAM block in loc_list.
## 	foreach BitLane $loc_list {
## 		set bString ""
## 		append bString $PreBitLane $BitLane $PostBitLane
## 		puts $fd $bString
## 		puts $fd $DataWidth
## 		puts $fd $AddressRange
## 		puts $fd $Parity
## 		puts $fd $CloseBitLane
## 	}
## 	#Write the footer to the .mmi file.
## 	puts $fd "\t\t\t</BusBlock>"
## 	puts $fd "\t\t</AddressSpace>"
## 	puts $fd "\t</Processor>"
## 	puts $fd "\t<Config>"
## 	puts $fd "\t\t<Option Name=\"Part\" Val=\"xc7a100tcsg324-1\"/>"
## 	puts $fd "\t</Config>"
## 	puts $fd "\t<DRC>"
## 	puts $fd "\t\t<Rule Name=\"RDADDRCHANGE\" Val=\"false\"/>"
## 	puts $fd "\t</DRC>"
## 	puts $fd "</MemInfo>"
## 	#Move the file from mmi.tmp to bram.mmi, deleting the temporary file.
## 	close $fd
## 	file copy -force mmi.tmp bram.mmi
## 	file delete mmi.tmp
## }
## proc byteReverse {str} {
## 	set strLength [string length $str]
## 	set bytesPerString [ expr {$strLength / 2} ]
## 	set reverseString {}
## 	#Firstly, reverse the string: {0 1 2 3 4 5 6 7} -> {7 6 5 4 3 2 1 0}
## 	for {set i 0} {$i < $strLength} {incr i} {
## 		append reverseString [string index $str [expr {$strLength - $i - 1}]]
## 	}
## 	#Swap the order of the nibbles: {7 6 5 4 3 2 1 0} -> {6 7 4 5 2 3 0 1}
## 	set nibbleSwapString {}
## 	for {set i 0} {$i < $bytesPerString} {incr i} {
## 		append nibbleSwapString [string index $reverseString [expr {2*$i + 1}]]
## 		append nibbleSwapString [string index $reverseString [expr {2*$i }]]
## 	}
## 	set nibbleSwapString
## }
## proc generate_mem {data_file mem_file} {
## 	#Write the Memory Address start prefix to the .mem file
## 	set prefix "@0000"
## 	set fo [open code.tmp w]
## 	puts $fo $prefix
## 	set fi [open $data_file r] 	;#Open the file specified by data_file {code.data} for read.
## 	set bytes_per_word 4		;#Bytes per word - hardcoded to 4 (32-bit words). Used for timing when to write chunks.
## 	set ChunksDone 1			;#ChunksDone is set to <0 at EOF. Used to break out of while loop.
## 	set chunkCounter 0			;#chunkCounter counts up to 4 for each word read in. Once it reaches four the chunk is written to the mem_file.
## 	set chunkList {0 0 0 0}
## 	while {($ChunksDone >= 0)} {
## 		set ChunksDone [gets $fi line]	;#chunksDone contains the latest line of the data_file.
## 		#If the loop has reached EOF, pad the chunkList with "00000000" and write it to the output file before exiting loop.
## 		if {$ChunksDone < 0} {
## 			for {set i $chunkCounter} {$i < $bytes_per_word} {incr i} {
## 				lset chunkList $i "00000000"
## 			}
## 			#Write the padded chunk to the output file.
## 			for {set i 0} {$i < $bytes_per_word} {incr i} {
## 				set lineStr {}
## 				foreach line $chunkList {
## 					append lineStr [string index $line [expr {2*$i} ]]
## 					append lineStr [string index $line [expr {2*$i + 1} ]]
## 				}
## 				puts $fo $lineStr
## 			}
## 		#If the line was not EOF, add the reversed word to the chunkList and increment the loop indicating valid word.
## 		} else {
## 			lset chunkList $chunkCounter [byteReverse $line]
## 			incr chunkCounter
## 		}
## 		#If the number of valid words in the chunk is 4, write the chunk to memory and reset the counter.
## 		if {$chunkCounter == 4} {
## 			set chunkCounter 0
## 			# Write the full chunk to the output file.
## 			for {set i 0} {$i < $bytes_per_word} {incr i} {
## 				set lineStr {}
## 				foreach line $chunkList {
## 					append lineStr [string index $line [expr {2*$i} ]]
## 					append lineStr [string index $line [expr {2*$i + 1} ]]
## 				}
## 				puts $fo $lineStr
## 			}
## 		}
## 	}
## 	close $fi	;#Close the file objects.
## 	close $fo
## 	file copy -force code.tmp $mem_file		;#Overwrite the existing .mem with the .tmp file
## 	file delete code.tmp					;#Delete code.tmp
## }
# generate_mmi bram.mmi					;
WARNING: [Vivado 12-628] No current design set.
INFO: [Device 21-403] Loading part xc7a100tcsg324-1
Netlist sorting complete. Time (s): cpu = 00:00:00 ; elapsed = 00:00:00.032 . Memory (MB): peak = 2114.723 ; gain = 0.000
INFO: [Netlist 29-17] Analyzing 105 Unisim elements for replacement
INFO: [Netlist 29-28] Unisim Transformation completed in 0 CPU seconds
INFO: [Project 1-479] Netlist was created with Vivado 2021.2
INFO: [Project 1-570] Preparing netlist for logic optimization
INFO: [Constraints 18-4397] Generator change detected checking ShapeConfig Enum. shapeDB will be regenerated.
INFO: [Constraints 18-5435] Cannot read file, the software version for the checkpoint (2021.2.3367213) does not match the current software version (2022.2.3671981).
  File : D:/EE277A/277A_codes/277A/tictactoe/Project/Project/Project.runs/impl_1/AHBLITE_SYS_routed/AHBLITE_SYS.xbdc.
Parsing XDC File [D:/EE277A/277A_codes/277A/tictactoe/Project/Project/Project.runs/impl_1/AHBLITE_SYS_routed/AHBLITE_SYS.xdc]
Finished Parsing XDC File [D:/EE277A/277A_codes/277A/tictactoe/Project/Project/Project.runs/impl_1/AHBLITE_SYS_routed/AHBLITE_SYS.xdc]
Reading XDEF placement.
Reading placer database...
Reading XDEF routing.
Read XDEF File: Time (s): cpu = 00:00:00 ; elapsed = 00:00:00.586 . Memory (MB): peak = 2236.566 ; gain = 0.000
Restored from archive | CPU: 0.000000 secs | Memory: 0.000000 MB |
Finished XDEF File Restore: Time (s): cpu = 00:00:00 ; elapsed = 00:00:00.586 . Memory (MB): peak = 2236.566 ; gain = 0.000
INFO: [Opt 31-138] Pushed 0 inverter(s) to 0 load pin(s).
Netlist sorting complete. Time (s): cpu = 00:00:00 ; elapsed = 00:00:00.001 . Memory (MB): peak = 2637.098 ; gain = 0.000
INFO: [Project 1-111] Unisim Transformation Summary:
  A total of 6 instances were transformed.
  RAM32M => RAM32M (RAMD32(x6), RAMS32(x2)): 2 instances
  RAM32X1D => RAM32X1D (RAMD32(x2)): 4 instances

open_run: Time (s): cpu = 00:00:26 ; elapsed = 00:00:19 . Memory (MB): peak = 2746.973 ; gain = 975.801
# generate_mem code.hex code.mem			;
# set bitstream [get_property DIRECTORY [current_run -implementation]];
# append bitstream "/AHBLITE_SYS.bit"
# exec updatemem -debug --meminfo bram.mmi --data code.mem --bit $bitstream --proc my_bram --out reflash.bit -force

****** updatemem v2022.2 (64-bit)
  **** SW Build 3671981 on Fri Oct 14 05:00:03 MDT 2022
  **** IP Build 3669848 on Fri Oct 14 08:30:02 MDT 2022
    ** Copyright 1986-2022 Xilinx, Inc. All Rights Reserved.

source D:/Xilinx/Vivado/2022.2/scripts/updatemem/main.tcl -notrace
Command: update_mem -meminfo bram.mmi -data code.mem -proc my_bram -bit D:/EE277A/277A_codes/277A/tictactoe/Project/Project/Project.runs/impl_1/AHBLITE_SYS.bit -out reflash.bit -force -debug

Dump the BRAM Initialization Strings. 
  ^^^ Bitlane with BRAM Location: RAMB36_X1Y17
  INIT_00:0000000000000000000000000000251D000000000000000000000000000019FC
  INIT_01:1100101F007702100B305278100000A49433A200010F7E00AC54672D080C0000
  INIT_02:00E12004F8B018087B02100F70C0C0C0C081700403C5074B07076D03FF0499F7
  INIT_03:0F8A001102C0110075F720409028D7D9F6F60100FF2732FF02411E8820206225
  INIT_04:CB8B3F01038B31433C039C11038B00202B2D00FE00212B0039310400C0010E49
  INIT_05:038912038B9C530049CA705200524B8B528B8B52CB8B520B8B524B8B528B8B52
  INIT_06:5B6300524B8BD9C00183C001C3C00103C00143C00183C001C3003A049208920C
  INIT_07:86204090A10300C00220087A0400010121E00421240DFF7002C0010063490001
  INIT_08:01CD707000000004000D0801050220C0F36D202040620700384090A106C00A20
  INIT_09:C0004960FF18C053052575E5005168117905008F700201FB0A01528210101008
  INIT_0A:0308400A000A080D00081100084013000A08160010540010FFC0047049C0C0C0
  INIT_0B:00FFAD22FF01000112000CFF030900C725FF01029D000010A8A9AAAB87000102
  INIT_0C:0A6E64655077204765650A64506F2031720A6C70911F00710172D9FB61000808
  INIT_0D:0A0A0A0A0A706C10000700FF410808089B107520610A00706F72730A696F7173
  INIT_0E:48880100000179440845454545926005759A057475A2080574AA080506753800
  INIT_0F:FFAB5EFFB153FFB746FFBD39FF0800314835482A38082839080420503C01503F
  INIT_10:C4B8087C80706C38005100FF0102FB4700FF8D72FF938DFF9980FF9F74FFA569
  INIT_11:620A0065722E2E62740A002D2D616B202D0A2D2D2D65442D2D0A740C0C0CC4C4
  INIT_12:6964620A6E632D31790A002D2D6C6E2D2D0A007220616431790A0065662E2E64
  INIT_13:0A00612D6164620A6765206C64620A6665206A64620A7765206B64620A006520
  INIT_14:0A0020393A7261520A006163696E65520A00756B2C6774720A002D2D2D2D2D2D
  INIT_15:C280700101C2FC7001C0405164506F2031720A00616F656E730A616520737279
  INIT_16:10A41B031AE41B9AFF839BD20318A408041AE41B9AFF839B0803191000700101
  INIT_17:01490880F388F4F70018F96D005C807E00F8001001257B181ABB01BF0810001C
  INIT_18:69AAD06DD2B00088D7DED9000A01490880E088E1E70018E6230088EAEEEC000A
  INIT_19:B440B1B6090880001AB800DE000840DABFC2090880005089C7C940CA0840D000
  INIT_1A:040302019900208020072080200F9E0015A1001304030201AA00A9AA005089AE
  INIT_1B:508974090069AA756D774449007E887D8000208020072080200F8D0015900013
  INIT_1C:4E4449005888545A796460650000010B69696A6A00060008406F2908406F6F09
  INIT_1D:01020B161005FF01080880080A0848008801470011804B50894E090069AA4C6D
  INIT_1E:01FF00FF1E000D090880198808801D031F0801E901FF00FF8820002C88302EFF
  INIT_1F:6F2031720A70087C806C0C2C0CC4E4C464B87408400B810800010E880C0900C1
  INIT_20:4301FF00FF8C000D0908808E880880920394080188989A9A007501FF00FF6450
  INIT_21:08406C746D066F60700672886F7871002301FF00FF7F000D10807D8488820900
  INIT_22:2DAA4A2DAB20AD00E00800D9F1FF00FF57000E005A062009000D000FFFD7024F
  INIT_23:262D251E274270AD2D71336D3075AD2DAB20AD2D38D8090008403D00442D7148
  INIT_24:080100086D100C6D1375AD2DAB136D000088151E17002470AD1C202DAA222DAB
  INIT_25:07004632034007005238034007005E00088710780C70C4C46C2C0CC464536055
  INIT_26:024006000A1503400700161B034007002221034007002E26034007003A2C0340
  INIT_27:050A700004309D23307009700051740CC478680800FF0704FF0801000D200B0F
  INIT_28:050B0F811088E4C4049043D85B02FD00FFFFCED00270007081007064F76DFF29
  INIT_29:02524149C148B0079C086F110E124149C108C80710E062A410058464856DFF20
  INIT_2A:0000000000000000C408B8B8C829703576016D34840001037049088829B88800
  INIT_2B:000000000000000000000000000000000000000000006428231E19140F0C0906
  INIT_2C:0000000000000000000000000000000000000000000000000000000000000000
  INIT_2D:0000000000000000000000000000000000000000000000000000000000000000
  INIT_2E:0000000000000000000000000000000000000000000000000000000000000000
  INIT_2F:0000000000000000000000000000000000000000000000000000000000000000
  INIT_30:0000000000000000000000000000000000000000000000000000000000000000
  INIT_31:0000000000000000000000000000000000000000000000000000000000000000
  INIT_32:0000000000000000000000000000000000000000000000000000000000000000
  INIT_33:0000000000000000000000000000000000000000000000000000000000000000
  INIT_34:0000000000000000000000000000000000000000000000000000000000000000
  INIT_35:0000000000000000000000000000000000000000000000000000000000000000
  INIT_36:0000000000000000000000000000000000000000000000000000000000000000
  INIT_37:0000000000000000000000000000000000000000000000000000000000000000
  INIT_38:0000000000000000000000000000000000000000000000000000000000000000
  INIT_39:0000000000000000000000000000000000000000000000000000000000000000
  INIT_3A:0000000000000000000000000000000000000000000000000000000000000000
  INIT_3B:0000000000000000000000000000000000000000000000000000000000000000
  INIT_3C:0000000000000000000000000000000000000000000000000000000000000000
  INIT_3D:0000000000000000000000000000000000000000000000000000000000000000
  INIT_3E:0000000000000000000000000000000000000000000000000000000000000000
  INIT_3F:0000000000000000000000000000000000000000000000000000000000000000
  INIT_40:0000000000000000000000000000000000000000000000000000000000000000
  INIT_41:0000000000000000000000000000000000000000000000000000000000000000
  INIT_42:0000000000000000000000000000000000000000000000000000000000000000
  INIT_43:0000000000000000000000000000000000000000000000000000000000000000
  INIT_44:0000000000000000000000000000000000000000000000000000000000000000
  INIT_45:0000000000000000000000000000000000000000000000000000000000000000
  INIT_46:0000000000000000000000000000000000000000000000000000000000000000
  INIT_47:0000000000000000000000000000000000000000000000000000000000000000
  INIT_48:0000000000000000000000000000000000000000000000000000000000000000
  INIT_49:0000000000000000000000000000000000000000000000000000000000000000
  INIT_4A:0000000000000000000000000000000000000000000000000000000000000000
  INIT_4B:0000000000000000000000000000000000000000000000000000000000000000
  INIT_4C:0000000000000000000000000000000000000000000000000000000000000000
  INIT_4D:0000000000000000000000000000000000000000000000000000000000000000
  INIT_4E:0000000000000000000000000000000000000000000000000000000000000000
  INIT_4F:0000000000000000000000000000000000000000000000000000000000000000
  INIT_50:0000000000000000000000000000000000000000000000000000000000000000
  INIT_51:0000000000000000000000000000000000000000000000000000000000000000
  INIT_52:0000000000000000000000000000000000000000000000000000000000000000
  INIT_53:0000000000000000000000000000000000000000000000000000000000000000
  INIT_54:0000000000000000000000000000000000000000000000000000000000000000
  INIT_55:0000000000000000000000000000000000000000000000000000000000000000
  INIT_56:0000000000000000000000000000000000000000000000000000000000000000
  INIT_57:0000000000000000000000000000000000000000000000000000000000000000
  INIT_58:0000000000000000000000000000000000000000000000000000000000000000
  INIT_59:0000000000000000000000000000000000000000000000000000000000000000
  INIT_5A:0000000000000000000000000000000000000000000000000000000000000000
  INIT_5B:0000000000000000000000000000000000000000000000000000000000000000
  INIT_5C:0000000000000000000000000000000000000000000000000000000000000000
  INIT_5D:0000000000000000000000000000000000000000000000000000000000000000
  INIT_5E:0000000000000000000000000000000000000000000000000000000000000000
  INIT_5F:0000000000000000000000000000000000000000000000000000000000000000
  INIT_60:0000000000000000000000000000000000000000000000000000000000000000
  INIT_61:0000000000000000000000000000000000000000000000000000000000000000
  INIT_62:0000000000000000000000000000000000000000000000000000000000000000
  INIT_63:0000000000000000000000000000000000000000000000000000000000000000
  INIT_64:0000000000000000000000000000000000000000000000000000000000000000
  INIT_65:0000000000000000000000000000000000000000000000000000000000000000
  INIT_66:0000000000000000000000000000000000000000000000000000000000000000
  INIT_67:0000000000000000000000000000000000000000000000000000000000000000
  INIT_68:0000000000000000000000000000000000000000000000000000000000000000
  INIT_69:0000000000000000000000000000000000000000000000000000000000000000
  INIT_6A:0000000000000000000000000000000000000000000000000000000000000000
  INIT_6B:0000000000000000000000000000000000000000000000000000000000000000
  INIT_6C:0000000000000000000000000000000000000000000000000000000000000000
  INIT_6D:0000000000000000000000000000000000000000000000000000000000000000
  INIT_6E:0000000000000000000000000000000000000000000000000000000000000000
  INIT_6F:0000000000000000000000000000000000000000000000000000000000000000
  INIT_70:0000000000000000000000000000000000000000000000000000000000000000
  INIT_71:0000000000000000000000000000000000000000000000000000000000000000
  INIT_72:0000000000000000000000000000000000000000000000000000000000000000
  INIT_73:0000000000000000000000000000000000000000000000000000000000000000
  INIT_74:0000000000000000000000000000000000000000000000000000000000000000
  INIT_75:0000000000000000000000000000000000000000000000000000000000000000
  INIT_76:0000000000000000000000000000000000000000000000000000000000000000
  INIT_77:0000000000000000000000000000000000000000000000000000000000000000
  INIT_78:0000000000000000000000000000000000000000000000000000000000000000
  INIT_79:0000000000000000000000000000000000000000000000000000000000000000
  INIT_7A:0000000000000000000000000000000000000000000000000000000000000000
  INIT_7B:0000000000000000000000000000000000000000000000000000000000000000
  INIT_7C:0000000000000000000000000000000000000000000000000000000000000000
  INIT_7D:0000000000000000000000000000000000000000000000000000000000000000
  INIT_7E:0000000000000000000000000000000000000000000000000000000000000000
  INIT_7F:0000000000000000000000000000000000000000000000000000000000000000

  ^^^ Bitlane with BRAM Location: RAMB36_X1Y18
  INIT_00:000000000000000000000000000001010000000000000000000000000000013F
  INIT_01:46F0B5B520F8D1B560C107C13A252314144346D026CC46F042461E1838A0F0F0
  INIT_02:28686246B51547BCF998B5B44726262A2200474A48F8B5FDB548F9BCF7FAF9FF
  INIT_03:A60799A6DA46D09929B56A1C4746E7E7001D2828F7604602D838D04746E06828
  INIT_04:0142E0D30A42D308D44646D30A422200000000BDF046462855F9E02446E0A607
  INIT_05:0A01D30A424640D3420F4741D241004241004241004241014241014241014241
  INIT_06:1046D2410042D21AD3081AD3081AD3091AD3091AD3091AD309E0D0D311D311D3
  INIT_07:42621C4768982646D4781A1998E0DD206069D5683046B547BD46B5D346422BD3
  INIT_08:460FBDBD2028F046F0464B20B0D57846DC1E626A5D68E028461C4768E046D578
  INIT_09:C52608BCF7B0004600F846FFBDFE4646444921B0476169D239E000001818181A
  INIT_0A:78701C48202846497870D178701C482028464978B52248BDF746464700C5C5C5
  INIT_0B:20F7FDA0F746E0DD6868E0F7D16868FDA0F76868FA20F0B515151515FF787878
  INIT_0C:507320726C0064617220470A3272203D65531515FDA0202C202CFED0FABF6060
  INIT_0D:0A0A0A0A0A1515BDF0FA20F7FDA04949FEB574696C49006C2027735074202773
  INIT_0E:646020F0F022FD484649484949FE202123FE202123FE462123FE462123FEB500
  INIT_0F:F7FCA0F7FCA0F7FCA0F7FCA0F760204960496020496020486420312049622149
  INIT_10:1B15AF15151515BDF0F920F76868D0F9BFF7FCA0F7FCA0F7FCA0F7FCA0F7FCA0
  INIT_11:6F4B007364202E747243002D2D6D65532D2D002D2D6D4B2D2D0A151F1C221815
  INIT_12:20206F4B00743E2F6550002D2D7374202D2D00653279202D6550007374202E20
  INIT_13:2D00753E63206F4B68206D20206F4B74206D20206F4B6E206D20206F4B00206D
  INIT_14:2A006232206175542A007474736172542A0072652061686154002D2D2D2D2D2D
  INIT_15:06E1474A2106E747D10F68200A3272203D65530072207979735073726C206462
  INIT_16:BD001924430E0E432307001823E0003C07430E0E432307003B07DAB5E1474A21
  INIT_17:D16858004842494968E049FC24D168D168B5EDBD49FCFC4646FF20FF46B5E1ED
  INIT_18:681C4D684DD0BF4249484968E0D16858004842494968E049D1BF4249484968E0
  INIT_19:491E484A68580068E0496CDC68601EE2484A68580068500049491E48601E48F0
  INIT_1A:2828282848BF391C38E0391E38E04968E04968E0282828284828484968500049
  INIT_1B:50004920F0681C4D684DD1686A48424948BF391C38E0391E38E04968E04968E0
  INIT_1C:4DD1686A48424948F9A04848F0F022FA4848494968DC68601C4846641C484A6C
  INIT_1D:6868FBFB2146F76860580046284649686020496C50004850004920F0681C4D68
  INIT_1E:E0F728F74968D16A5800484258004828486020FBE0F728F742396A48424948F7
  INIT_1F:72203D655315AF151515221F1C1B1815151515601D48424A686A48424A6868FB
  INIT_20:FBE0F728F74968D16A58004842580048284860204249484968FBE0F728F70A32
  INIT_21:601D4828482848284828484249484968FBE0F728F74968D158004848424A6868
  INIT_22:681C4E681C360090206020FAE6F728F74968DB6A482838DA68DB68E7F7FAD1FA
  INIT_23:4E684DE049F959006C594E1E4D59006C1C36006C4DDC686C601C48F04E68594E
  INIT_24:6020F04E1E4D4E1E4D59006C1C4E1E90204249484968F959004D4E681C4E681C
  INIT_25:D178E048D06CD178E049D06CD178D16870F8B51522151815151F1C1B15E6F9F9
  INIT_26:D06CD178E049D06CD178E048D06CD178E048D06CD178E049D06CD178E049D06C
  INIT_27:E0E0B5BF00BD0018B5470747682015221B15156020F749E0F760202848284848
  INIT_28:E0E046B0BD42050FE04206B20646E7E0F7F7FFB24647204742E0BD2CDB1CF746
  INIT_29:4A681A100F60FF20FF4622464A681A100F60FF20B5606006B5B0421C421CF746
  INIT_2A:0000000000000000001515156021BD460625064300E0D1464706436821156020
  INIT_2B:0000000000000000000000000000000000000000000000000000000000000000
  INIT_2C:0000000000000000000000000000000000000000000000000000000000000000
  INIT_2D:0000000000000000000000000000000000000000000000000000000000000000
  INIT_2E:0000000000000000000000000000000000000000000000000000000000000000
  INIT_2F:0000000000000000000000000000000000000000000000000000000000000000
  INIT_30:0000000000000000000000000000000000000000000000000000000000000000
  INIT_31:0000000000000000000000000000000000000000000000000000000000000000
  INIT_32:0000000000000000000000000000000000000000000000000000000000000000
  INIT_33:0000000000000000000000000000000000000000000000000000000000000000
  INIT_34:0000000000000000000000000000000000000000000000000000000000000000
  INIT_35:0000000000000000000000000000000000000000000000000000000000000000
  INIT_36:0000000000000000000000000000000000000000000000000000000000000000
  INIT_37:0000000000000000000000000000000000000000000000000000000000000000
  INIT_38:0000000000000000000000000000000000000000000000000000000000000000
  INIT_39:0000000000000000000000000000000000000000000000000000000000000000
  INIT_3A:0000000000000000000000000000000000000000000000000000000000000000
  INIT_3B:0000000000000000000000000000000000000000000000000000000000000000
  INIT_3C:0000000000000000000000000000000000000000000000000000000000000000
  INIT_3D:0000000000000000000000000000000000000000000000000000000000000000
  INIT_3E:0000000000000000000000000000000000000000000000000000000000000000
  INIT_3F:0000000000000000000000000000000000000000000000000000000000000000
  INIT_40:0000000000000000000000000000000000000000000000000000000000000000
  INIT_41:0000000000000000000000000000000000000000000000000000000000000000
  INIT_42:0000000000000000000000000000000000000000000000000000000000000000
  INIT_43:0000000000000000000000000000000000000000000000000000000000000000
  INIT_44:0000000000000000000000000000000000000000000000000000000000000000
  INIT_45:0000000000000000000000000000000000000000000000000000000000000000
  INIT_46:0000000000000000000000000000000000000000000000000000000000000000
  INIT_47:0000000000000000000000000000000000000000000000000000000000000000
  INIT_48:0000000000000000000000000000000000000000000000000000000000000000
  INIT_49:0000000000000000000000000000000000000000000000000000000000000000
  INIT_4A:0000000000000000000000000000000000000000000000000000000000000000
  INIT_4B:0000000000000000000000000000000000000000000000000000000000000000
  INIT_4C:0000000000000000000000000000000000000000000000000000000000000000
  INIT_4D:0000000000000000000000000000000000000000000000000000000000000000
  INIT_4E:0000000000000000000000000000000000000000000000000000000000000000
  INIT_4F:0000000000000000000000000000000000000000000000000000000000000000
  INIT_50:0000000000000000000000000000000000000000000000000000000000000000
  INIT_51:0000000000000000000000000000000000000000000000000000000000000000
  INIT_52:0000000000000000000000000000000000000000000000000000000000000000
  INIT_53:0000000000000000000000000000000000000000000000000000000000000000
  INIT_54:0000000000000000000000000000000000000000000000000000000000000000
  INIT_55:0000000000000000000000000000000000000000000000000000000000000000
  INIT_56:0000000000000000000000000000000000000000000000000000000000000000
  INIT_57:0000000000000000000000000000000000000000000000000000000000000000
  INIT_58:0000000000000000000000000000000000000000000000000000000000000000
  INIT_59:0000000000000000000000000000000000000000000000000000000000000000
  INIT_5A:0000000000000000000000000000000000000000000000000000000000000000
  INIT_5B:0000000000000000000000000000000000000000000000000000000000000000
  INIT_5C:0000000000000000000000000000000000000000000000000000000000000000
  INIT_5D:0000000000000000000000000000000000000000000000000000000000000000
  INIT_5E:0000000000000000000000000000000000000000000000000000000000000000
  INIT_5F:0000000000000000000000000000000000000000000000000000000000000000
  INIT_60:0000000000000000000000000000000000000000000000000000000000000000
  INIT_61:0000000000000000000000000000000000000000000000000000000000000000
  INIT_62:0000000000000000000000000000000000000000000000000000000000000000
  INIT_63:0000000000000000000000000000000000000000000000000000000000000000
  INIT_64:0000000000000000000000000000000000000000000000000000000000000000
  INIT_65:0000000000000000000000000000000000000000000000000000000000000000
  INIT_66:0000000000000000000000000000000000000000000000000000000000000000
  INIT_67:0000000000000000000000000000000000000000000000000000000000000000
  INIT_68:0000000000000000000000000000000000000000000000000000000000000000
  INIT_69:0000000000000000000000000000000000000000000000000000000000000000
  INIT_6A:0000000000000000000000000000000000000000000000000000000000000000
  INIT_6B:0000000000000000000000000000000000000000000000000000000000000000
  INIT_6C:0000000000000000000000000000000000000000000000000000000000000000
  INIT_6D:0000000000000000000000000000000000000000000000000000000000000000
  INIT_6E:0000000000000000000000000000000000000000000000000000000000000000
  INIT_6F:0000000000000000000000000000000000000000000000000000000000000000
  INIT_70:0000000000000000000000000000000000000000000000000000000000000000
  INIT_71:0000000000000000000000000000000000000000000000000000000000000000
  INIT_72:0000000000000000000000000000000000000000000000000000000000000000
  INIT_73:0000000000000000000000000000000000000000000000000000000000000000
  INIT_74:0000000000000000000000000000000000000000000000000000000000000000
  INIT_75:0000000000000000000000000000000000000000000000000000000000000000
  INIT_76:0000000000000000000000000000000000000000000000000000000000000000
  INIT_77:0000000000000000000000000000000000000000000000000000000000000000
  INIT_78:0000000000000000000000000000000000000000000000000000000000000000
  INIT_79:0000000000000000000000000000000000000000000000000000000000000000
  INIT_7A:0000000000000000000000000000000000000000000000000000000000000000
  INIT_7B:0000000000000000000000000000000000000000000000000000000000000000
  INIT_7C:0000000000000000000000000000000000000000000000000000000000000000
  INIT_7D:0000000000000000000000000000000000000000000000000000000000000000
  INIT_7E:0000000000000000000000000000000000000000000000000000000000000000
  INIT_7F:0000000000000000000000000000000000000000000000000000000000000000

  ^^^ Bitlane with BRAM Location: RAMB36_X1Y20
  INIT_00:0000000000000000000000000000000000000000000000000000000000000000
  INIT_01:FFEC101F10100064700000FB010000000018ABFB33B60F2A015DABA224303802
  INIT_02:298820000E0000041000030500000000000000050407010700000001F2030001
  INIT_03:020109084000C0141000F8CF20A1623608F60408982920200119280500E1A102
  INIT_04:C001C3948B1C038B000B4E008B2C030000000000BA0032F86430002400C00104
  INIT_05:8B12FC8B2D03004003005D100141C00143C00183C001C3C00103C00143C00183
  INIT_06:10520141C00143528B8B52CB8B520B8B524B8B528B8B52CB8B8992898B898B89
  INIT_07:F3047620806208C020C0A010A10047A8009110880081047070C000405B700040
  INIT_08:80000020C002DD28277B70FBF00200C02000284090A100F47F20203062C020C0
  INIT_09:C0C0B6001E2085C069AE00FF000FFF040301050200084A700A408912C0020202
  INIT_0A:0505090008060008400F000A081200081C00084018007000F520C0108D40C0C0
  INIT_0B:0DAA26FFB0200201901517BE24881A1CFFCA20202000A0010000000010000505
  INIT_0C:722177206100726D0A6F61003D65532520630000EBFFFA01100104000000120B
  INIT_0D:0A0A0A0A0A0000000401003E07FF08080000006E696E00617220207200712020
  INIT_0E:3C4040CCD71004FF010800080800000061030000600300000603000060030000
  INIT_0F:A864FFAE5AFFB44DFFBA40FFC033330804205036085039410138483C483E3F08
  INIT_10:00002F00000000004E01007E99060800008A98FF9094FF9687FF9C7AFFA26FFF
  INIT_11:6165006520682E6E6565002D2D65206E2D2D002D2D6F20202D2D000000000000
  INIT_12:2D77616500692032726C002D2D2072432D2D00652D655052726C006520732E72
  INIT_13:2D0073206573616574726F2D646165006C6F2D61616500646F2D73616500756F
  INIT_14:4B0070302072642055006569206C6D20550065206D6D656E6F002D2D2D2D2D2D
  INIT_15:D200001191D200000100C000003D65532520630074732020207265206F69206F
  INIT_16:001A842405A3848BA3DCD2831B0E1AA42411A3848BA3DCD29B1B1A0000001191
  INIT_17:0188F0F4000A090880F80800000001FD00FE0000080000001900FF40FF000000
  INIT_18:28CF2DAB001C01E009000840DB0188DDE4000A090880E5080000E009000840EE
  INIT_19:0880005089B4B940B70840C000BCBD00005089C2C540C5C7090880001CCC00F5
  INIT_1A:1C0E0A0640000898009A089C009E0880A00880A31C0E0A0640E0000840ACB209
  INIT_1B:727109C03F28742DAB0000887A204B09000008870089088B008D08808F088092
  INIT_1C:00008851204B090051FF01025E691005FF01080880080A086E0088016E005089
  INIT_1D:3B373C000001B84040414100060008404A290840494900014B09C0ED284B2DAB
  INIT_1E:FF9E021608402088201A0016091D001E007321F8FFC6023E09092E2011090026
  INIT_1F:6553252063002F000000000000000000000000290A0038108008204251890D12
  INIT_20:88FF20029808408E88209000160993001E00479685090008409CFF5202CA003D
  INIT_21:FF6B000E00030007000B00B10900084073FF000278084081817F000116518982
  INIT_22:AD4475AD47754F2D4B204DEEFFB6022E084059742004005D605E0660FA12FF00
  INIT_23:75AD001C0800002F6D2D20AD2DAA366D34753B6D0000883A3C3C006D70AD4120
  INIT_24:FF0DFB70AD2D71AD2DAA0F6D1775AD2D1BDA0900084019001D2D71AD1F75AD22
  INIT_25:2F612F4101023564354803043B7708013E3E0000000000000000000000000000
  INIT_26:0403126B11480201186A174101021E6C1D410304246923480403297329480201
  INIT_27:000000FE00006202CC000805C00000000000001002A80800A4000B06000F0041
  INIT_28:293D3406FFF820E403FB18015B29103062A600FF0B00C001FC4900F26478EA20
  INIT_29:51510449094808FF72FF510911511049090814FF5E10A12315F0F003F604AA0A
  INIT_2A:000000000000000000000000704901ACF5292B29560001107088290149001011
  INIT_2B:0000000000000000000000000000000000000000000000000000000000000000
  INIT_2C:0000000000000000000000000000000000000000000000000000000000000000
  INIT_2D:0000000000000000000000000000000000000000000000000000000000000000
  INIT_2E:0000000000000000000000000000000000000000000000000000000000000000
  INIT_2F:0000000000000000000000000000000000000000000000000000000000000000
  INIT_30:0000000000000000000000000000000000000000000000000000000000000000
  INIT_31:0000000000000000000000000000000000000000000000000000000000000000
  INIT_32:0000000000000000000000000000000000000000000000000000000000000000
  INIT_33:0000000000000000000000000000000000000000000000000000000000000000
  INIT_34:0000000000000000000000000000000000000000000000000000000000000000
  INIT_35:0000000000000000000000000000000000000000000000000000000000000000
  INIT_36:0000000000000000000000000000000000000000000000000000000000000000
  INIT_37:0000000000000000000000000000000000000000000000000000000000000000
  INIT_38:0000000000000000000000000000000000000000000000000000000000000000
  INIT_39:0000000000000000000000000000000000000000000000000000000000000000
  INIT_3A:0000000000000000000000000000000000000000000000000000000000000000
  INIT_3B:0000000000000000000000000000000000000000000000000000000000000000
  INIT_3C:0000000000000000000000000000000000000000000000000000000000000000
  INIT_3D:0000000000000000000000000000000000000000000000000000000000000000
  INIT_3E:0000000000000000000000000000000000000000000000000000000000000000
  INIT_3F:0000000000000000000000000000000000000000000000000000000000000000
  INIT_40:0000000000000000000000000000000000000000000000000000000000000000
  INIT_41:0000000000000000000000000000000000000000000000000000000000000000
  INIT_42:0000000000000000000000000000000000000000000000000000000000000000
  INIT_43:0000000000000000000000000000000000000000000000000000000000000000
  INIT_44:0000000000000000000000000000000000000000000000000000000000000000
  INIT_45:0000000000000000000000000000000000000000000000000000000000000000
  INIT_46:0000000000000000000000000000000000000000000000000000000000000000
  INIT_47:0000000000000000000000000000000000000000000000000000000000000000
  INIT_48:0000000000000000000000000000000000000000000000000000000000000000
  INIT_49:0000000000000000000000000000000000000000000000000000000000000000
  INIT_4A:0000000000000000000000000000000000000000000000000000000000000000
  INIT_4B:0000000000000000000000000000000000000000000000000000000000000000
  INIT_4C:0000000000000000000000000000000000000000000000000000000000000000
  INIT_4D:0000000000000000000000000000000000000000000000000000000000000000
  INIT_4E:0000000000000000000000000000000000000000000000000000000000000000
  INIT_4F:0000000000000000000000000000000000000000000000000000000000000000
  INIT_50:0000000000000000000000000000000000000000000000000000000000000000
  INIT_51:0000000000000000000000000000000000000000000000000000000000000000
  INIT_52:0000000000000000000000000000000000000000000000000000000000000000
  INIT_53:0000000000000000000000000000000000000000000000000000000000000000
  INIT_54:0000000000000000000000000000000000000000000000000000000000000000
  INIT_55:0000000000000000000000000000000000000000000000000000000000000000
  INIT_56:0000000000000000000000000000000000000000000000000000000000000000
  INIT_57:0000000000000000000000000000000000000000000000000000000000000000
  INIT_58:0000000000000000000000000000000000000000000000000000000000000000
  INIT_59:0000000000000000000000000000000000000000000000000000000000000000
  INIT_5A:0000000000000000000000000000000000000000000000000000000000000000
  INIT_5B:0000000000000000000000000000000000000000000000000000000000000000
  INIT_5C:0000000000000000000000000000000000000000000000000000000000000000
  INIT_5D:0000000000000000000000000000000000000000000000000000000000000000
  INIT_5E:0000000000000000000000000000000000000000000000000000000000000000
  INIT_5F:0000000000000000000000000000000000000000000000000000000000000000
  INIT_60:0000000000000000000000000000000000000000000000000000000000000000
  INIT_61:0000000000000000000000000000000000000000000000000000000000000000
  INIT_62:0000000000000000000000000000000000000000000000000000000000000000
  INIT_63:0000000000000000000000000000000000000000000000000000000000000000
  INIT_64:0000000000000000000000000000000000000000000000000000000000000000
  INIT_65:0000000000000000000000000000000000000000000000000000000000000000
  INIT_66:0000000000000000000000000000000000000000000000000000000000000000
  INIT_67:0000000000000000000000000000000000000000000000000000000000000000
  INIT_68:0000000000000000000000000000000000000000000000000000000000000000
  INIT_69:0000000000000000000000000000000000000000000000000000000000000000
  INIT_6A:0000000000000000000000000000000000000000000000000000000000000000
  INIT_6B:0000000000000000000000000000000000000000000000000000000000000000
  INIT_6C:0000000000000000000000000000000000000000000000000000000000000000
  INIT_6D:0000000000000000000000000000000000000000000000000000000000000000
  INIT_6E:0000000000000000000000000000000000000000000000000000000000000000
  INIT_6F:0000000000000000000000000000000000000000000000000000000000000000
  INIT_70:0000000000000000000000000000000000000000000000000000000000000000
  INIT_71:0000000000000000000000000000000000000000000000000000000000000000
  INIT_72:0000000000000000000000000000000000000000000000000000000000000000
  INIT_73:0000000000000000000000000000000000000000000000000000000000000000
  INIT_74:0000000000000000000000000000000000000000000000000000000000000000
  INIT_75:0000000000000000000000000000000000000000000000000000000000000000
  INIT_76:0000000000000000000000000000000000000000000000000000000000000000
  INIT_77:0000000000000000000000000000000000000000000000000000000000000000
  INIT_78:0000000000000000000000000000000000000000000000000000000000000000
  INIT_79:0000000000000000000000000000000000000000000000000000000000000000
  INIT_7A:0000000000000000000000000000000000000000000000000000000000000000
  INIT_7B:0000000000000000000000000000000000000000000000000000000000000000
  INIT_7C:0000000000000000000000000000000000000000000000000000000000000000
  INIT_7D:0000000000000000000000000000000000000000000000000000000000000000
  INIT_7E:0000000000000000000000000000000000000000000000000000000000000000
  INIT_7F:0000000000000000000000000000000000000000000000000000000000000000

  ^^^ Bitlane with BRAM Location: RAMB36_X1Y19
  INIT_00:0000000000000000000000000000000000000000000000000000000000000000
  INIT_01:F7F9BDBDBDBDF02947D5D3D8D32624000047461A42463EF8D146464618C8F8F8
  INIT_02:D0474620460000B0BCF0AA49000000000000004B49BDF0BDF04700F0FFB4F0F0
  INIT_03:E0D568E0422846A66825BDE76A68681D3608D0D0FF46463527284600276868D0
  INIT_04:1AD3094642D309422243E02342D3090000000000F89846D11C31F0379F4625D5
  INIT_05:42BA2242D309224210D0E046461A1AD3081AD3081AD3081AD3091AD3091AD309
  INIT_06:4641461A1AD30841004241004241014241014241014241014209110142014201
  INIT_07:DB981C6A5D68E0464606611869271B42E043220690B04647474620421047D542
  INIT_08:0800004643D0FF46F844B5E7BD2006464628461C476898DC1E626A2068464606
  INIT_09:C5C54627FEB546084646F0FF00B0F79091939191B5781C47291C1A18080C0A09
  INIT_0A:4848497870D178701C48202846497870D178701C48004700FD4646B5463DC5C5
  INIT_0B:49FDA0F7FDA02020424A48FDA0424948F7FDA04848F0FA2000000000BDF04848
  INIT_0C:650069257900616500766D0025206364506F0000E7F7E7D1BDD146F028F0E049
  INIT_0D:0A0A0A0A0A000000FA20F0FDA0F7606020F00070647600796574276500757427
  INIT_0E:204949FEFE2146F7686068606020F0902220F0902220F0902220F0902220F000
  INIT_0F:FCA0F7FCA0F7FCA0F7FCA0F7FCA0496420312049622049642149604960204860
  INIT_10:0000000000000000F920F0FCA0484828F0FCA0F7FCA0F7FCA0F7FCA0F7FCA0F7
  INIT_11:7279007472612E20206E002D2D2047612D2D002D2D2044452D2D000000000000
  INIT_12:3E2F7279006F61202061002D2D2D6F6F2D2D006E47726C6520610074726F2E20
  INIT_13:2D006570207072790069763E2F72790065763E2F7279006F763E2F7279007076
  INIT_14:6500733031652062410064766120697441003A736165202020002D2D2D2D2D2D
  INIT_15:0EE00060400E0020202807060025206364506F000A74746B61650063776E6961
  INIT_16:005108024B400707400E5808024A51080F4B400707400E58080F4A28E0006040
  INIT_17:2442494968D1685800486020F0BF28482848E0006120F0F04623F721F721E0E0
  INIT_18:684D681C90202CDC686C601C482442494968D16858004860202CDC686C601C48
  INIT_19:580068500049491E48601E4828484968E0500049491E484A68580068E0496CFB
  INIT_1A:D1D0D0D06CBF62496A4862496A48601E48601C48D1D0D0D06CDC68601E484A68
  INIT_1B:494A6C43FB684D681C9020424938D16868BF62496A4862496A48601E48601C48
  INIT_1C:9020424938D16868E0F76868FBFB2146F76860580046284649686020496C5000
  INIT_1D:A04848F0F022F94848494968DC68601C4846641C484A6C464A6C43FA684D681C
  INIT_1E:F7FBD1FB601D4842394968D1684968DB68E049BDF7FBD1FBD16A4938D16868F9
  INIT_1F:206364506F0000000000000000000000000000E04968D158004838D158004948
  INIT_20:48F7FBD1FA601D4842394968D1684968DB68E049DC686C601C48F7FBD1FA0025
  INIT_21:F74968DB6ADB6ADA68DB68DC686C601C48F7FBD1FA601D48424A686AD1580049
  INIT_22:004D59004D594E684DE049E6F7FAD1FA601D482838DB6A4828482848FAE7F728
  INIT_23:590090206020F04E1E4D36006C1C4E1E4D594E1E90204249484968F959004D36
  INIT_24:F749F859006C59006C1C4E1E4D59006C4DDC686C601C48F04E6859004D59004D
  INIT_25:482848642128482848642028482846284849F00000000000000000000000BFF0
  INIT_26:2128482848642028482848642128482848642128482848642028482848642028
  INIT_27:222524E75000514C01006021B2060000000000BD49FB6020FB2049D168D17864
  INIT_28:46464646B5DC0E1846DB0EE06823B5BFF9FBBDF746B54346DB1C21DB1C2DFF46
  INIT_29:601A4A00186849F721F74368601A4A00186849F721BD606024BDDB98DB98FF9A
  INIT_2A:000000000000000000000000470620606026602500202029B56021210600BD46
  INIT_2B:0000000000000000000000000000000000000000000000000000000000000000
  INIT_2C:0000000000000000000000000000000000000000000000000000000000000000
  INIT_2D:0000000000000000000000000000000000000000000000000000000000000000
  INIT_2E:0000000000000000000000000000000000000000000000000000000000000000
  INIT_2F:0000000000000000000000000000000000000000000000000000000000000000
  INIT_30:0000000000000000000000000000000000000000000000000000000000000000
  INIT_31:0000000000000000000000000000000000000000000000000000000000000000
  INIT_32:0000000000000000000000000000000000000000000000000000000000000000
  INIT_33:0000000000000000000000000000000000000000000000000000000000000000
  INIT_34:0000000000000000000000000000000000000000000000000000000000000000
  INIT_35:0000000000000000000000000000000000000000000000000000000000000000
  INIT_36:0000000000000000000000000000000000000000000000000000000000000000
  INIT_37:0000000000000000000000000000000000000000000000000000000000000000
  INIT_38:0000000000000000000000000000000000000000000000000000000000000000
  INIT_39:0000000000000000000000000000000000000000000000000000000000000000
  INIT_3A:0000000000000000000000000000000000000000000000000000000000000000
  INIT_3B:0000000000000000000000000000000000000000000000000000000000000000
  INIT_3C:0000000000000000000000000000000000000000000000000000000000000000
  INIT_3D:0000000000000000000000000000000000000000000000000000000000000000
  INIT_3E:0000000000000000000000000000000000000000000000000000000000000000
  INIT_3F:0000000000000000000000000000000000000000000000000000000000000000
  INIT_40:0000000000000000000000000000000000000000000000000000000000000000
  INIT_41:0000000000000000000000000000000000000000000000000000000000000000
  INIT_42:0000000000000000000000000000000000000000000000000000000000000000
  INIT_43:0000000000000000000000000000000000000000000000000000000000000000
  INIT_44:0000000000000000000000000000000000000000000000000000000000000000
  INIT_45:0000000000000000000000000000000000000000000000000000000000000000
  INIT_46:0000000000000000000000000000000000000000000000000000000000000000
  INIT_47:0000000000000000000000000000000000000000000000000000000000000000
  INIT_48:0000000000000000000000000000000000000000000000000000000000000000
  INIT_49:0000000000000000000000000000000000000000000000000000000000000000
  INIT_4A:0000000000000000000000000000000000000000000000000000000000000000
  INIT_4B:0000000000000000000000000000000000000000000000000000000000000000
  INIT_4C:0000000000000000000000000000000000000000000000000000000000000000
  INIT_4D:0000000000000000000000000000000000000000000000000000000000000000
  INIT_4E:0000000000000000000000000000000000000000000000000000000000000000
  INIT_4F:0000000000000000000000000000000000000000000000000000000000000000
  INIT_50:0000000000000000000000000000000000000000000000000000000000000000
  INIT_51:0000000000000000000000000000000000000000000000000000000000000000
  INIT_52:0000000000000000000000000000000000000000000000000000000000000000
  INIT_53:0000000000000000000000000000000000000000000000000000000000000000
  INIT_54:0000000000000000000000000000000000000000000000000000000000000000
  INIT_55:0000000000000000000000000000000000000000000000000000000000000000
  INIT_56:0000000000000000000000000000000000000000000000000000000000000000
  INIT_57:0000000000000000000000000000000000000000000000000000000000000000
  INIT_58:0000000000000000000000000000000000000000000000000000000000000000
  INIT_59:0000000000000000000000000000000000000000000000000000000000000000
  INIT_5A:0000000000000000000000000000000000000000000000000000000000000000
  INIT_5B:0000000000000000000000000000000000000000000000000000000000000000
  INIT_5C:0000000000000000000000000000000000000000000000000000000000000000
  INIT_5D:0000000000000000000000000000000000000000000000000000000000000000
  INIT_5E:0000000000000000000000000000000000000000000000000000000000000000
  INIT_5F:0000000000000000000000000000000000000000000000000000000000000000
  INIT_60:0000000000000000000000000000000000000000000000000000000000000000
  INIT_61:0000000000000000000000000000000000000000000000000000000000000000
  INIT_62:0000000000000000000000000000000000000000000000000000000000000000
  INIT_63:0000000000000000000000000000000000000000000000000000000000000000
  INIT_64:0000000000000000000000000000000000000000000000000000000000000000
  INIT_65:0000000000000000000000000000000000000000000000000000000000000000
  INIT_66:0000000000000000000000000000000000000000000000000000000000000000
  INIT_67:0000000000000000000000000000000000000000000000000000000000000000
  INIT_68:0000000000000000000000000000000000000000000000000000000000000000
  INIT_69:0000000000000000000000000000000000000000000000000000000000000000
  INIT_6A:0000000000000000000000000000000000000000000000000000000000000000
  INIT_6B:0000000000000000000000000000000000000000000000000000000000000000
  INIT_6C:0000000000000000000000000000000000000000000000000000000000000000
  INIT_6D:0000000000000000000000000000000000000000000000000000000000000000
  INIT_6E:0000000000000000000000000000000000000000000000000000000000000000
  INIT_6F:0000000000000000000000000000000000000000000000000000000000000000
  INIT_70:0000000000000000000000000000000000000000000000000000000000000000
  INIT_71:0000000000000000000000000000000000000000000000000000000000000000
  INIT_72:0000000000000000000000000000000000000000000000000000000000000000
  INIT_73:0000000000000000000000000000000000000000000000000000000000000000
  INIT_74:0000000000000000000000000000000000000000000000000000000000000000
  INIT_75:0000000000000000000000000000000000000000000000000000000000000000
  INIT_76:0000000000000000000000000000000000000000000000000000000000000000
  INIT_77:0000000000000000000000000000000000000000000000000000000000000000
  INIT_78:0000000000000000000000000000000000000000000000000000000000000000
  INIT_79:0000000000000000000000000000000000000000000000000000000000000000
  INIT_7A:0000000000000000000000000000000000000000000000000000000000000000
  INIT_7B:0000000000000000000000000000000000000000000000000000000000000000
  INIT_7C:0000000000000000000000000000000000000000000000000000000000000000
  INIT_7D:0000000000000000000000000000000000000000000000000000000000000000
  INIT_7E:0000000000000000000000000000000000000000000000000000000000000000
  INIT_7F:0000000000000000000000000000000000000000000000000000000000000000

Loading bitfile D:/EE277A/277A_codes/277A/tictactoe/Project/Project/Project.runs/impl_1/AHBLITE_SYS.bit
Loading data files...
Updating memory content...
Creating bitstream...
Writing bitstream reflash.bit...
0 Infos, 0 Warnings, 0 Critical Warnings and 0 Errors encountered.
update_mem completed successfully
update_mem: Time (s): cpu = 00:00:14 ; elapsed = 00:00:23 . Memory (MB): peak = 1189.754 ; gain = 1080.504
INFO: [Common 17-206] Exiting updatemem at Sat May 13 20:00:58 2023...
connect_hw_server -allow_non_jtag
INFO: [Labtools 27-2285] Connecting to hw_server url TCP:localhost:3121
INFO: [Labtools 27-2222] Launching hw_server...
INFO: [Labtools 27-2221] Launch Output:

****** Xilinx hw_server v2022.2
  **** Build date : Oct 14 2022 at 05:18:10
    ** Copyright 1986-2022 Xilinx, Inc. All Rights Reserved.


INFO: [Labtools 27-3415] Connecting to cs_server url TCP:localhost:0
INFO: [Labtools 27-3417] Launching cs_server...
INFO: [Labtools 27-2221] Launch Output:


******** Xilinx cs_server v2022.2.0
  ****** Build date   : Oct 04 2022-16:25:37
    **** Build number : 2022.2.1664925937
      ** Copyright 2017-2023 Xilinx, Inc. All Rights Reserved.



connect_hw_server: Time (s): cpu = 00:00:02 ; elapsed = 00:00:09 . Memory (MB): peak = 2861.594 ; gain = 53.000
open_hw_target
INFO: [Labtoolstcl 44-466] Opening hw_target localhost:3121/xilinx_tcf/Digilent/210292AE3C94A
open_hw_target: Time (s): cpu = 00:00:11 ; elapsed = 00:00:16 . Memory (MB): peak = 4988.730 ; gain = 2127.137
set_property PROGRAM.FILE {D:/EE277A/277A_codes/277A/tictactoe/Project/Project/reflash_1.bit} [get_hw_devices xc7a100t_0]
current_hw_device [get_hw_devices xc7a100t_0]
refresh_hw_device -update_hw_probes false [lindex [get_hw_devices xc7a100t_0] 0]
INFO: [Labtools 27-1434] Device xc7a100t (JTAG device index = 0) is programmed with a design that has no supported debug core(s) in it.
set_property PROBES.FILE {} [get_hw_devices xc7a100t_0]
set_property FULL_PROBES.FILE {} [get_hw_devices xc7a100t_0]
set_property PROGRAM.FILE {D:/EE277A/277A_codes/277A/tictactoe/Project/Project/reflash_1.bit} [get_hw_devices xc7a100t_0]
program_hw_devices [get_hw_devices xc7a100t_0]
INFO: [Labtools 27-3164] End of startup status: HIGH
refresh_hw_device [lindex [get_hw_devices xc7a100t_0] 0]
INFO: [Labtools 27-1434] Device xc7a100t (JTAG device index = 0) is programmed with a design that has no supported debug core(s) in it.
source update_bitstream.tcl; program_hw_devices [get_hw_devices xc7a100t_0]
# if {[info procs generate_mem] eq ""} {
# 	source update_bitstream_header.tcl
# }
# generate_mmi bram.mmi					;
# generate_mem code.hex code.mem			;
# set bitstream [get_property DIRECTORY [current_run -implementation]];
# append bitstream "/AHBLITE_SYS.bit"
# exec updatemem -debug --meminfo bram.mmi --data code.mem --bit $bitstream --proc my_bram --out reflash.bit -force
INFO: [Labtools 27-3164] End of startup status: HIGH
source update_bitstream.tcl; program_hw_devices [get_hw_devices xc7a100t_0]
# if {[info procs generate_mem] eq ""} {
# 	source update_bitstream_header.tcl
# }
# generate_mmi bram.mmi					;
# generate_mem code.hex code.mem			;
# set bitstream [get_property DIRECTORY [current_run -implementation]];
# append bitstream "/AHBLITE_SYS.bit"
# exec updatemem -debug --meminfo bram.mmi --data code.mem --bit $bitstream --proc my_bram --out reflash.bit -force
INFO: [Labtools 27-3164] End of startup status: HIGH
source update_bitstream.tcl; program_hw_devices [get_hw_devices xc7a100t_0]
# if {[info procs generate_mem] eq ""} {
# 	source update_bitstream_header.tcl
# }
# generate_mmi bram.mmi					;
# generate_mem code.hex code.mem			;
# set bitstream [get_property DIRECTORY [current_run -implementation]];
# append bitstream "/AHBLITE_SYS.bit"
# exec updatemem -debug --meminfo bram.mmi --data code.mem --bit $bitstream --proc my_bram --out reflash.bit -force
INFO: [Labtools 27-3164] End of startup status: HIGH
set_property PROBES.FILE {} [get_hw_devices xc7a100t_0]
set_property FULL_PROBES.FILE {} [get_hw_devices xc7a100t_0]
set_property PROGRAM.FILE {D:/EE277A/277A_codes/277A/tictactoe/Project/Project/reflash.bit} [get_hw_devices xc7a100t_0]
program_hw_devices [get_hw_devices xc7a100t_0]
INFO: [Labtools 27-3164] End of startup status: HIGH
refresh_hw_device [lindex [get_hw_devices xc7a100t_0] 0]
INFO: [Labtools 27-1434] Device xc7a100t (JTAG device index = 0) is programmed with a design that has no supported debug core(s) in it.
refresh_hw_device [lindex [get_hw_devices xc7a100t_0] 0]
INFO: [Labtools 27-1434] Device xc7a100t (JTAG device index = 0) is programmed with a design that has no supported debug core(s) in it.
source update_bitstream.tcl; program_hw_devices [get_hw_devices xc7a100t_0]
# if {[info procs generate_mem] eq ""} {
# 	source update_bitstream_header.tcl
# }
# generate_mmi bram.mmi					;
# generate_mem code.hex code.mem			;
# set bitstream [get_property DIRECTORY [current_run -implementation]];
# append bitstream "/AHBLITE_SYS.bit"
# exec updatemem -debug --meminfo bram.mmi --data code.mem --bit $bitstream --proc my_bram --out reflash.bit -force
INFO: [Labtools 27-3164] End of startup status: HIGH
source update_bitstream.tcl; program_hw_devices [get_hw_devices xc7a100t_0]
# if {[info procs generate_mem] eq ""} {
# 	source update_bitstream_header.tcl
# }
# generate_mmi bram.mmi					;
# generate_mem code.hex code.mem			;
# set bitstream [get_property DIRECTORY [current_run -implementation]];
# append bitstream "/AHBLITE_SYS.bit"
# exec updatemem -debug --meminfo bram.mmi --data code.mem --bit $bitstream --proc my_bram --out reflash.bit -force
INFO: [Labtools 27-3164] End of startup status: HIGH
source update_bitstream.tcl; program_hw_devices [get_hw_devices xc7a100t_0]
# if {[info procs generate_mem] eq ""} {
# 	source update_bitstream_header.tcl
# }
# generate_mmi bram.mmi					;
# generate_mem code.hex code.mem			;
# set bitstream [get_property DIRECTORY [current_run -implementation]];
# append bitstream "/AHBLITE_SYS.bit"
# exec updatemem -debug --meminfo bram.mmi --data code.mem --bit $bitstream --proc my_bram --out reflash.bit -force
INFO: [Labtools 27-3164] End of startup status: HIGH
source update_bitstream.tcl; program_hw_devices [get_hw_devices xc7a100t_0]
# if {[info procs generate_mem] eq ""} {
# 	source update_bitstream_header.tcl
# }
# generate_mmi bram.mmi					;
# generate_mem code.hex code.mem			;
# set bitstream [get_property DIRECTORY [current_run -implementation]];
# append bitstream "/AHBLITE_SYS.bit"
# exec updatemem -debug --meminfo bram.mmi --data code.mem --bit $bitstream --proc my_bram --out reflash.bit -force
INFO: [Labtools 27-3164] End of startup status: HIGH
source update_bitstream.tcl; program_hw_devices [get_hw_devices xc7a100t_0]
# if {[info procs generate_mem] eq ""} {
# 	source update_bitstream_header.tcl
# }
# generate_mmi bram.mmi					;
# generate_mem code.hex code.mem			;
# set bitstream [get_property DIRECTORY [current_run -implementation]];
# append bitstream "/AHBLITE_SYS.bit"
# exec updatemem -debug --meminfo bram.mmi --data code.mem --bit $bitstream --proc my_bram --out reflash.bit -force
INFO: [Labtools 27-3164] End of startup status: HIGH
source update_bitstream.tcl; program_hw_devices [get_hw_devices xc7a100t_0]
# if {[info procs generate_mem] eq ""} {
# 	source update_bitstream_header.tcl
# }
# generate_mmi bram.mmi					;
# generate_mem code.hex code.mem			;
# set bitstream [get_property DIRECTORY [current_run -implementation]];
# append bitstream "/AHBLITE_SYS.bit"
# exec updatemem -debug --meminfo bram.mmi --data code.mem --bit $bitstream --proc my_bram --out reflash.bit -force
INFO: [Labtools 27-3164] End of startup status: HIGH
source update_bitstream.tcl; program_hw_devices [get_hw_devices xc7a100t_0]
# if {[info procs generate_mem] eq ""} {
# 	source update_bitstream_header.tcl
# }
# generate_mmi bram.mmi					;
# generate_mem code.hex code.mem			;
# set bitstream [get_property DIRECTORY [current_run -implementation]];
# append bitstream "/AHBLITE_SYS.bit"
# exec updatemem -debug --meminfo bram.mmi --data code.mem --bit $bitstream --proc my_bram --out reflash.bit -force
INFO: [Labtools 27-3164] End of startup status: HIGH
source update_bitstream.tcl; program_hw_devices [get_hw_devices xc7a100t_0]
# if {[info procs generate_mem] eq ""} {
# 	source update_bitstream_header.tcl
# }
# generate_mmi bram.mmi					;
# generate_mem code.hex code.mem			;
# set bitstream [get_property DIRECTORY [current_run -implementation]];
# append bitstream "/AHBLITE_SYS.bit"
# exec updatemem -debug --meminfo bram.mmi --data code.mem --bit $bitstream --proc my_bram --out reflash.bit -force
INFO: [Labtools 27-3164] End of startup status: HIGH
source update_bitstream.tcl; program_hw_devices [get_hw_devices xc7a100t_0]
# if {[info procs generate_mem] eq ""} {
# 	source update_bitstream_header.tcl
# }
# generate_mmi bram.mmi					;
# generate_mem code.hex code.mem			;
# set bitstream [get_property DIRECTORY [current_run -implementation]];
# append bitstream "/AHBLITE_SYS.bit"
# exec updatemem -debug --meminfo bram.mmi --data code.mem --bit $bitstream --proc my_bram --out reflash.bit -force
INFO: [Labtools 27-3164] End of startup status: HIGH
source update_bitstream.tcl; program_hw_devices [get_hw_devices xc7a100t_0]
# if {[info procs generate_mem] eq ""} {
# 	source update_bitstream_header.tcl
# }
# generate_mmi bram.mmi					;
# generate_mem code.hex code.mem			;
# set bitstream [get_property DIRECTORY [current_run -implementation]];
# append bitstream "/AHBLITE_SYS.bit"
# exec updatemem -debug --meminfo bram.mmi --data code.mem --bit $bitstream --proc my_bram --out reflash.bit -force
INFO: [Labtools 27-3164] End of startup status: HIGH
source update_bitstream.tcl; program_hw_devices [get_hw_devices xc7a100t_0]
# if {[info procs generate_mem] eq ""} {
# 	source update_bitstream_header.tcl
# }
# generate_mmi bram.mmi					;
# generate_mem code.hex code.mem			;
# set bitstream [get_property DIRECTORY [current_run -implementation]];
# append bitstream "/AHBLITE_SYS.bit"
# exec updatemem -debug --meminfo bram.mmi --data code.mem --bit $bitstream --proc my_bram --out reflash.bit -force
INFO: [Labtools 27-3164] End of startup status: HIGH
source update_bitstream.tcl; program_hw_devices [get_hw_devices xc7a100t_0]
# if {[info procs generate_mem] eq ""} {
# 	source update_bitstream_header.tcl
# }
# generate_mmi bram.mmi					;
# generate_mem code.hex code.mem			;
# set bitstream [get_property DIRECTORY [current_run -implementation]];
# append bitstream "/AHBLITE_SYS.bit"
# exec updatemem -debug --meminfo bram.mmi --data code.mem --bit $bitstream --proc my_bram --out reflash.bit -force
INFO: [Labtools 27-3164] End of startup status: HIGH
ERROR: [Labtoolstcl 44-513] HW Target shutdown. Closing target: localhost:3121/xilinx_tcf/Digilent/210292AE3C94A
exit
INFO: [Common 17-206] Exiting Vivado at Sat May 13 20:44:52 2023...
