#-----------------------------------------------------------
# Vivado v2021.1 (64-bit)
# SW Build 3247384 on Thu Jun 10 19:36:33 MDT 2021
# IP Build 3246043 on Fri Jun 11 00:30:35 MDT 2021
# Start of session at: Fri May 20 13:21:53 2022
# Process ID: 16064
# Current directory: C:/Users/ASUS/Downloads/Project/Project
# Command line: vivado.exe -gui_launcher_event rodinguilauncherevent19368 C:\Users\ASUS\Downloads\Project\Project\Project.xpr
# Log file: C:/Users/ASUS/Downloads/Project/Project/vivado.log
# Journal file: C:/Users/ASUS/Downloads/Project/Project\vivado.jou
#-----------------------------------------------------------
start_gui
open_project C:/Users/ASUS/Downloads/Project/Project/Project.xpr
INFO: [Project 1-313] Project file moved from 'C:/Users/ishab/Project' since last save.
WARNING: [filemgmt 56-2] Default IP Output Path : Could not find the directory 'C:/Users/ASUS/Downloads/Project/Project/Project.gen/sources_1', nor could it be found using path 'C:/Users/ishab/Project/Project.gen/sources_1'.
Scanning sources...
Finished scanning sources
WARNING: [Project 1-231] Project 'Project.xpr' was created with a future version and may or may not perform reliably with this version of Vivado. It has been opened in read-only mode for the protection of unrecognized data. Use 'File | Save Project As...' if you wish to alter a copy of the project.
INFO: [IP_Flow 19-234] Refreshing IP repositories
INFO: [IP_Flow 19-1704] No user IP repositories specified
INFO: [IP_Flow 19-2313] Loaded Vivado IP repository 'C:/Xilinx/Vivado/2021.1/data/ip'.
open_project: Time (s): cpu = 00:00:20 ; elapsed = 00:00:09 . Memory (MB): peak = 1257.289 ; gain = 0.000
update_compile_order -fileset sources_1
save_project_as project_final {C:/Users/ASUS/Desktop/277A/Final Project/project_final} -force
save_project_as: Time (s): cpu = 00:00:12 ; elapsed = 00:00:06 . Memory (MB): peak = 1257.289 ; gain = 0.000
exit
INFO: [Common 17-206] Exiting Vivado at Fri May 20 13:27:21 2022...
